stat:
МиБ Mem :   5909,3 total,   4262,4 free,   1264,0 used,    382,9 buff/cache
МиБ Swap:   1873,4 total,   1873,4 free,      0,0 used.   4392,3 avail Mem 
МиБ Mem :   5909,3 total,   3924,8 free,   1601,4 used,    383,1 buff/cache
МиБ Swap:   1873,4 total,   1873,4 free,      0,0 used.   4054,8 avail Mem 
МиБ Mem :   5909,3 total,   3455,8 free,   2070,4 used,    383,1 buff/cache
МиБ Swap:   1873,4 total,   1873,4 free,      0,0 used.   3585,8 avail Mem 
МиБ Mem :   5909,3 total,   3072,4 free,   2453,8 used,    383,1 buff/cache
МиБ Swap:   1873,4 total,   1873,4 free,      0,0 used.   3202,4 avail Mem 
МиБ Mem :   5909,3 total,   2657,9 free,   2868,2 used,    383,2 buff/cache
МиБ Swap:   1873,4 total,   1873,4 free,      0,0 used.   2788,0 avail Mem 
МиБ Mem :   5909,3 total,   2233,4 free,   3292,7 used,    383,2 buff/cache
МиБ Swap:   1873,4 total,   1873,4 free,      0,0 used.   2363,5 avail Mem 
МиБ Mem :   5909,3 total,   1811,9 free,   3714,2 used,    383,2 buff/cache
МиБ Swap:   1873,4 total,   1873,4 free,      0,0 used.   1942,0 avail Mem 
МиБ Mem :   5909,3 total,   1391,5 free,   4134,5 used,    383,2 buff/cache
МиБ Swap:   1873,4 total,   1873,4 free,      0,0 used.   1521,7 avail Mem 
МиБ Mem :   5909,3 total,    972,2 free,   4553,9 used,    383,2 buff/cache
МиБ Swap:   1873,4 total,   1873,4 free,      0,0 used.   1102,4 avail Mem 
МиБ Mem :   5909,3 total,    548,9 free,   4977,1 used,    383,3 buff/cache
МиБ Swap:   1873,4 total,   1873,4 free,      0,0 used.    679,1 avail Mem 
МиБ Mem :   5909,3 total,    134,7 free,   5391,3 used,    383,3 buff/cache
МиБ Swap:   1873,4 total,   1873,4 free,      0,0 used.    265,0 avail Mem 
МиБ Mem :   5909,3 total,    109,4 free,   5630,6 used,    169,3 buff/cache
МиБ Swap:   1873,4 total,   1734,1 free,    139,3 used.     52,0 avail Mem 
МиБ Mem :   5909,3 total,    104,5 free,   5631,7 used,    173,1 buff/cache
МиБ Swap:   1873,4 total,   1351,0 free,    522,4 used.     49,0 avail Mem 
МиБ Mem :   5909,3 total,    102,9 free,   5640,5 used,    165,8 buff/cache
МиБ Swap:   1873,4 total,    969,3 free,    904,1 used.     43,8 avail Mem 
МиБ Mem :   5909,3 total,    100,8 free,   5649,7 used,    158,7 buff/cache
МиБ Swap:   1873,4 total,    580,3 free,   1293,1 used.     38,1 avail Mem 
МиБ Mem :   5909,3 total,     98,6 free,   5662,2 used,    148,5 buff/cache
МиБ Swap:   1873,4 total,    185,8 free,   1687,6 used.     30,7 avail Mem 
МиБ Mem :   5909,3 total,     89,9 free,   5746,8 used,     72,6 buff/cache
МиБ Swap:   1873,4 total,      0,0 free,   1873,4 used.     24,8 avail Mem 
МиБ Mem :   5909,3 total,     91,8 free,   5739,4 used,     78,1 buff/cache
МиБ Swap:   1873,4 total,      0,0 free,   1873,4 used.     29,6 avail Mem 
МиБ Mem :   5909,3 total,     89,3 free,   5746,3 used,     73,7 buff/cache
МиБ Swap:   1873,4 total,      0,0 free,   1873,4 used.     24,9 avail Mem 
МиБ Mem :   5909,3 total,     89,8 free,   5747,5 used,     72,0 buff/cache
МиБ Swap:   1873,4 total,      0,0 free,   1873,4 used.     24,6 avail Mem 
МиБ Mem :   5909,3 total,   5361,2 free,    391,2 used,    157,0 buff/cache
МиБ Swap:   1873,4 total,    990,6 free,    882,8 used.   5302,0 avail Mem 
