stat:
   8397 grigorii  20   0   80920  74488   2972 R  81,2   1,2   0:01.51 mem.bash
   2292 grigorii  20   0 1005576  41144   7524 S   6,2   0,7   1:17.96 nautilus
   2712 grigorii  20   0  743608  96112  32808 S   6,2   1,6   1:31.59 sublime+
      1 root      20   0  167652   7984   4748 S   0,0   0,1   1:06.09 systemd
      2 root      20   0       0      0      0 S   0,0   0,0   0:00.00 kthreadd
   8397 grigorii  20   0  425836 419536   2972 R  87,5   6,9   0:09.09 mem.bash
   2292 grigorii  20   0 1005708  43352   9660 S   6,2   0,7   1:18.02 nautilus
      1 root      20   0  167652   7984   4748 S   0,0   0,1   1:06.09 systemd
      2 root      20   0       0      0      0 S   0,0   0,0   0:00.00 kthreadd
      3 root       0 -20       0      0      0 I   0,0   0,0   0:00.00 rcu_gp
   8397 grigorii  20   0  905452 899096   2972 R  81,2  14,9   0:19.46 mem.bash
   2292 grigorii  20   0 1005708  43352   9660 S   6,2   0,7   1:18.09 nautilus
      1 root      20   0  167652   7984   4748 S   0,0   0,1   1:06.09 systemd
      2 root      20   0       0      0      0 S   0,0   0,0   0:00.00 kthreadd
      3 root       0 -20       0      0      0 I   0,0   0,0   0:00.00 rcu_gp
   8397 grigorii  20   0 1323820   1,3g   2972 R  81,2  21,8   0:28.73 mem.bash
   1955 grigorii  20   0 3769132 328932  50524 S   6,2   5,4   4:02.90 gnome-s+
      1 root      20   0  167652   7984   4748 S   0,0   0,1   1:06.09 systemd
      2 root      20   0       0      0      0 S   0,0   0,0   0:00.00 kthreadd
      3 root       0 -20       0      0      0 I   0,0   0,0   0:00.00 rcu_gp
   8397 grigorii  20   0 1748912   1,7g   2972 R  87,5  28,8   0:38.16 mem.bash
   1955 grigorii  20   0 3769180 329016  50540 S   6,2   5,4   4:03.44 gnome-s+
   2292 grigorii  20   0 1005840  43684   9736 S   6,2   0,7   1:18.23 nautilus
      1 root      20   0  167652   7984   4748 S   0,0   0,1   1:06.09 systemd
      2 root      20   0       0      0      0 S   0,0   0,0   0:00.00 kthreadd
   8397 grigorii  20   0 2187080   2,1g   2972 R  87,5  36,0   0:48.09 mem.bash
   2292 grigorii  20   0 1005972  43684   9736 S   6,2   0,7   1:18.29 nautilus
      1 root      20   0  167652   7984   4748 S   0,0   0,1   1:06.09 systemd
      2 root      20   0       0      0      0 S   0,0   0,0   0:00.00 kthreadd
      3 root       0 -20       0      0      0 I   0,0   0,0   0:00.00 rcu_gp
   8397 grigorii  20   0 2615208   2,5g   2972 R  58,8  43,1   0:57.97 mem.bash
   1955 grigorii  20   0 3769132 328896  50524 S  11,8   5,4   4:03.96 gnome-s+
   1744 grigorii  20   0  360552 105868  39368 S   5,9   1,7   1:33.22 Xorg
   2292 grigorii  20   0 1006104  43684   9736 S   5,9   0,7   1:18.36 nautilus
      1 root      20   0  167652   7984   4748 S   0,0   0,1   1:06.09 systemd
   8397 grigorii  20   0 3048760   2,9g   2972 R  86,7  50,3   1:07.92 mem.bash
   1955 grigorii  20   0 3769132 328896  50524 S   6,7   5,4   4:04.21 gnome-s+
      1 root      20   0  167652   7984   4748 S   0,0   0,1   1:06.09 systemd
      2 root      20   0       0      0      0 S   0,0   0,0   0:00.00 kthreadd
      3 root       0 -20       0      0      0 I   0,0   0,0   0:00.00 rcu_gp
   8397 grigorii  20   0 3476224   3,3g   2972 R  62,5  57,3   1:17.79 mem.bash
   1955 grigorii  20   0 3769132 328896  50524 S  12,5   5,4   4:04.47 gnome-s+
   2292 grigorii  20   0 1006236  43948   9736 S   6,2   0,7   1:18.50 nautilus
   2712 grigorii  20   0  751804  96424  32952 S   6,2   1,6   1:33.77 sublime+
      1 root      20   0  167652   7984   4748 S   0,0   0,1   1:06.09 systemd
   8397 grigorii  20   0 3906608   3,7g   2972 R  87,5  64,5   1:27.74 mem.bash
   2292 grigorii  20   0 1006236  43948   9736 S   6,2   0,7   1:18.57 nautilus
      1 root      20   0  167652   7984   4748 S   0,0   0,1   1:06.09 systemd
      2 root      20   0       0      0      0 S   0,0   0,0   0:00.00 kthreadd
      3 root       0 -20       0      0      0 I   0,0   0,0   0:00.00 rcu_gp
   8397 grigorii  20   0 4331828   4,1g   2972 R  52,9  71,5   1:37.59 mem.bash
   1955 grigorii  20   0 3769132 328928  50524 S  17,6   5,4   4:04.99 gnome-s+
   2712 grigorii  20   0  743608  96504  32952 S  11,8   1,6   1:34.24 sublime+
   1744 grigorii  20   0  360552 105868  39368 S   5,9   1,7   1:33.67 Xorg
   2292 grigorii  20   0 1006368  44212   9736 S   5,9   0,7   1:18.64 nautilus
   8397 grigorii  20   0 4728024   4,5g   2300 R  87,5  78,0   1:46.81 mem.bash
   2292 grigorii  20   0 1006500  41372   6940 S   6,2   0,7   1:18.70 nautilus
      1 root      20   0  167652   7876   4640 S   0,0   0,1   1:06.09 systemd
      2 root      20   0       0      0      0 S   0,0   0,0   0:00.00 kthreadd
      3 root       0 -20       0      0      0 I   0,0   0,0   0:00.00 rcu_gp
   8397 grigorii  20   0 5111020   4,9g   2160 R  37,5  84,3   1:55.62 mem.bash
   1955 grigorii  20   0 3769132  80964  43700 R  18,8   1,3   4:05.51 gnome-s+
   2712 grigorii  20   0  751804  63532  25768 S  18,8   1,0   1:34.73 sublime+
   2731 grigorii  20   0  119296   3508   1568 S  12,5   0,1   0:05.94 plugin_+
   1744 grigorii  20   0  360552 104604  38688 S   6,2   1,7   1:33.90 Xorg
   8397 grigorii  20   0 5495464   5,1g   2160 R  75,0  88,1   2:04.97 mem.bash
     84 root      20   0       0      0      0 S   6,2   0,0   9:20.59 kswapd0
   2292 grigorii  20   0 1006632  13980   5424 S   6,2   0,2   1:18.84 nautilus
      1 root      20   0  167652   7564   4328 S   0,0   0,1   1:06.09 systemd
      2 root      20   0       0      0      0 S   0,0   0,0   0:00.00 kthreadd
   8397 grigorii  20   0 5901560   5,1g   2160 R  62,5  88,4   2:14.49 mem.bash
     84 root      20   0       0      0      0 S   6,2   0,0   9:20.96 kswapd0
   2292 grigorii  20   0 1006632  12696   4152 S   6,2   0,2   1:18.90 nautilus
   2712 grigorii  20   0  743608  40136  22296 S   6,2   0,7   1:35.17 sublime+
      1 root      20   0  167652   7468   4232 S   0,0   0,1   1:06.09 systemd
   8397 grigorii  20   0 6302640   5,1g   2104 R  76,5  88,4   2:23.98 mem.bash
     84 root      20   0       0      0      0 D   5,9   0,0   9:21.32 kswapd0
   2292 grigorii  20   0 1006764  12512   3984 S   5,9   0,2   1:18.97 nautilus
      1 root      20   0  167652   7412   4176 S   0,0   0,1   1:06.09 systemd
      2 root      20   0       0      0      0 S   0,0   0,0   0:00.00 kthreadd
     84 root      20   0       0      0      0 R  24,2   0,0   9:45.72 kswapd0
   2712 grigorii  20   0  694432  25260   7408 D   1,2   0,4   1:39.57 sublime+
   1744 grigorii  20   0  360552  75752  22048 D   0,9   1,3   1:35.64 Xorg
   2292 grigorii  20   0 1006764   9316    400 D   0,9   0,2   1:21.94 nautilus
   8397 grigorii  20   0 6598396   5,2g      0 D   0,9  90,1   2:33.97 mem.bash
     84 root      20   0       0      0      0 R  17,7   0,0  10:36.03 kswapd0
   8288 root      20   0  726996  11320      0 S  11,3   0,2   0:17.70 snapd
   2712 grigorii  20   0  694432  25260   7408 D   3,2   0,4   1:42.01 sublime+
   8397 grigorii  20   0 6608560   5,2g    340 R   3,2  90,2   2:38.74 mem.bash
   8436 root      20   0       0      0      0 D   3,2   0,0   0:03.79 kworker+
     84 root      20   0       0      0      0 R  19,2   0,0  11:06.22 kswapd0
    225 root      19  -1   53500   1396    576 R   4,3   0,0   0:37.90 systemd+
   8288 root      20   0  726996  11416      0 D   2,8   0,2   0:33.91 snapd
     14 root      20   0       0      0      0 I   1,5   0,0   0:02.28 rcu_sch+
    669 root      20   0  762528  16708      0 S   1,5   0,3   1:26.60 contain+
     84 root      20   0       0      0      0 R  30,1   0,0  11:52.32 kswapd0
      1 root      20   0  167652   2852      0 S   3,6   0,0   1:10.29 systemd
   9592 root      20   0   16152    556      0 D   2,8   0,0   0:03.51 systemd+
   2712 grigorii  20   0  694432  17856      4 R   1,1   0,3   1:53.40 sublime+
    669 root      20   0  762528  16596      0 S   0,9   0,3   1:31.90 contain+
   9610 root      20   0   34404   5960   3396 R  31,2   0,1   0:04.68 snapd
      9 root       0 -20       0      0      0 I   6,2   0,0   0:05.87 kworker+
   1744 grigorii  20   0  360552  33364   6092 S   6,2   0,6   1:41.70 Xorg
   2292 grigorii  20   0 1006764  14556   5436 S   6,2   0,2   1:39.39 nautilus
   2303 grigorii  20   0  826128   8728   4280 S   6,2   0,1   0:44.01 gnome-t+
