stat:
МиБ Mem :   5909,3 total,   4800,0 free,    709,6 used,    399,7 buff/cache
МиБ Swap:   1873,4 total,   1162,9 free,    710,5 used.   4939,0 avail Mem 
МиБ Mem :   5909,3 total,   4372,3 free,   1137,3 used,    399,7 buff/cache
МиБ Swap:   1873,4 total,   1162,9 free,    710,5 used.   4511,3 avail Mem 
МиБ Mem :   5909,3 total,   3931,0 free,   1578,5 used,    399,7 buff/cache
МиБ Swap:   1873,4 total,   1162,9 free,    710,5 used.   4070,1 avail Mem 
МиБ Mem :   5909,3 total,   3462,7 free,   2046,8 used,    399,8 buff/cache
МиБ Swap:   1873,4 total,   1162,9 free,    710,5 used.   3601,8 avail Mem 
МиБ Mem :   5909,3 total,   3025,4 free,   2483,9 used,    399,9 buff/cache
МиБ Swap:   1873,4 total,   1163,4 free,    710,0 used.   3164,7 avail Mem 
МиБ Mem :   5909,3 total,   2553,2 free,   2956,2 used,    400,0 buff/cache
МиБ Swap:   1873,4 total,   1163,4 free,    710,0 used.   2692,4 avail Mem 
МиБ Mem :   5909,3 total,   2085,1 free,   3424,2 used,    400,0 buff/cache
МиБ Swap:   1873,4 total,   1163,4 free,    710,0 used.   2224,4 avail Mem 
МиБ Mem :   5909,3 total,   1616,0 free,   3893,3 used,    400,0 buff/cache
МиБ Swap:   1873,4 total,   1163,4 free,    710,0 used.   1755,3 avail Mem 
МиБ Mem :   5909,3 total,   1147,0 free,   4362,3 used,    400,0 buff/cache
МиБ Swap:   1873,4 total,   1163,4 free,    710,0 used.   1286,3 avail Mem 
МиБ Mem :   5909,3 total,    679,2 free,   4830,1 used,    400,0 buff/cache
МиБ Swap:   1873,4 total,   1163,4 free,    710,0 used.    818,5 avail Mem 
МиБ Mem :   5909,3 total,    211,3 free,   5297,9 used,    400,0 buff/cache
МиБ Swap:   1873,4 total,   1163,4 free,    710,0 used.    350,7 avail Mem 
МиБ Mem :   5909,3 total,    127,2 free,   5651,8 used,    130,3 buff/cache
МиБ Swap:   1873,4 total,   1125,1 free,    748,3 used.     48,7 avail Mem 
МиБ Mem :   5909,3 total,     96,6 free,   5667,4 used,    145,3 buff/cache
МиБ Swap:   1873,4 total,    716,5 free,   1156,8 used.     25,6 avail Mem 
МиБ Mem :   5909,3 total,     90,9 free,   5679,8 used,    138,6 buff/cache
МиБ Swap:   1873,4 total,    312,8 free,   1560,6 used.     16,5 avail Mem 
МиБ Mem :   5909,3 total,    103,4 free,   5704,9 used,    101,0 buff/cache
МиБ Swap:   1873,4 total,      0,1 free,   1873,3 used.     10,6 avail Mem 
МиБ Mem :   5909,3 total,   2744,6 free,   3036,5 used,    128,2 buff/cache
МиБ Swap:   1873,4 total,    462,6 free,   1410,8 used.   2665,4 avail Mem 
МиБ Mem :   5909,3 total,   2157,0 free,   3446,6 used,    305,7 buff/cache
МиБ Swap:   1873,4 total,    477,3 free,   1396,1 used.   2205,0 avail Mem 
МиБ Mem :   5909,3 total,   1739,2 free,   3838,4 used,    331,8 buff/cache
МиБ Swap:   1873,4 total,    543,8 free,   1329,6 used.   1810,5 avail Mem 
МиБ Mem :   5909,3 total,   1314,9 free,   4262,1 used,    332,2 buff/cache
МиБ Swap:   1873,4 total,    555,8 free,   1317,6 used.   1386,5 avail Mem 
МиБ Mem :   5909,3 total,    886,5 free,   4689,4 used,    333,4 buff/cache
МиБ Swap:   1873,4 total,    556,8 free,   1316,6 used.    959,3 avail Mem 
МиБ Mem :   5909,3 total,    485,8 free,   5085,3 used,    338,2 buff/cache
МиБ Swap:   1873,4 total,    566,3 free,   1307,1 used.    563,4 avail Mem 
МиБ Mem :   5909,3 total,    115,5 free,   5480,0 used,    313,7 buff/cache
МиБ Swap:   1873,4 total,    543,2 free,   1330,2 used.    168,7 avail Mem 
МиБ Mem :   5909,3 total,    103,5 free,   5586,3 used,    219,5 buff/cache
МиБ Swap:   1873,4 total,    277,0 free,   1596,4 used.     73,4 avail Mem 
МиБ Mem :   5909,3 total,    104,4 free,   5681,6 used,    123,2 buff/cache
МиБ Swap:   1873,4 total,      0,0 free,   1873,4 used.     26,3 avail Mem 
МиБ Mem :   5909,3 total,     89,2 free,   5749,9 used,     70,2 buff/cache
МиБ Swap:   1873,4 total,      0,0 free,   1873,4 used.     25,4 avail Mem 
МиБ Mem :   5909,3 total,     89,4 free,   5741,4 used,     78,5 buff/cache
МиБ Swap:   1873,4 total,      0,0 free,   1873,4 used.     30,5 avail Mem 
