stat mem:
  11997 grigorii  20   0   40792  34356   2952 R  37,5   0,6   0:00.66 mem.bash
  11997 grigorii  20   0  257272 250836   2952 R  31,2   4,1   0:05.47 mem.bash
  11997 grigorii  20   0  484836 478332   2952 R  43,8   7,9   0:10.53 mem.bash
  11997 grigorii  20   0  725692 719336   2952 R  43,8  11,9   0:15.91 mem.bash
  11997 grigorii  20   0  962988 956616   2952 R  41,2  15,8   0:21.26 mem.bash
  11997 grigorii  20   0 1204640   1,1g   2952 R  46,7  19,8   0:26.63 mem.bash
  11997 grigorii  20   0 1443516   1,4g   2952 R  35,3  23,7   0:31.98 mem.bash
  11997 grigorii  20   0 1684112   1,6g   2952 R  43,8  27,7   0:37.36 mem.bash
  11997 grigorii  20   0 1924048   1,8g   2952 R  44,4  31,7   0:42.74 mem.bash
  11997 grigorii  20   0 2162660   2,1g   2952 R  43,8  35,6   0:48.08 mem.bash
  11997 grigorii  20   0 2401804   2,3g   2952 R  43,8  39,6   0:53.45 mem.bash
  11997 grigorii  20   0 2628804   2,5g   1088 R  50,0  43,3   0:58.54 mem.bash
  11997 grigorii  20   0 2875600   2,6g   1088 R  40,0  44,9   1:04.13 mem.bash
  11997 grigorii  20   0 3078840   2,6g   1088 R  37,5  44,7   1:08.76 mem.bash
  11997 grigorii  20   0 3274040   2,6g    132 R   0,3  45,2   1:16.86 mem.bash
  11997 grigorii  20   0 3299636   2,6g    156 R   0,1  45,5   1:32.95 mem.bash
  11997 grigorii  20   0 3649908   2,9g   1492 R  35,3  49,9   1:48.31 mem.bash
  11997 grigorii  20   0 3963484   3,2g   1492 R  87,5  55,1   1:55.91 mem.bash
  11997 grigorii  20   0 4379480   3,6g   1492 R  72,2  61,9   2:05.62 mem.bash
  11997 grigorii  20   0 4811168   4,0g   1492 R  93,3  69,1   2:15.66 mem.bash
  11997 grigorii  20   0 5210664   4,4g   1492 R  93,3  75,7   2:25.02 mem.bash
  11997 grigorii  20   0 5649084   4,8g   1492 R  87,5  82,8   2:35.15 mem.bash
  11997 grigorii  20   0 6061516   4,9g   1492 R  75,0  84,9   2:44.78 mem.bash
  11997 grigorii  20   0 6467216   5,1g   1264 R  81,2  87,8   2:54.31 mem.bash
  11997 grigorii  20   0 6554984   5,1g      0 D   0,4  89,2   3:00.37 mem.bash
  11997 grigorii  20   0 6564752   5,2g      0 R   0,8  89,4   3:08.79 mem.bash
  11997 grigorii  20   0 6572656   5,2g    564 R   2,5  89,4   3:34.28 mem.bash
