stat:
  11998 grigorii  20   0   50824  44460   3024 R  43,8   0,7   0:00.89 mem2.bash
  11997 grigorii  20   0   50956  44388   2952 R  37,5   0,7   0:00.89 mem.bash
   1744 grigorii  20   0  365544  89868  39764 S   6,2   1,5   2:05.94 Xorg
   2712 grigorii  20   0  764088  80416  35580 S   6,2   1,3   2:20.47 sublime_text
      1 root      20   0  167652   7488   4668 S   0,0   0,1   1:16.20 systemd
  11997 grigorii  20   0  267832 261396   2952 R  41,2   4,3   0:05.70 mem.bash
  11998 grigorii  20   0  267700 261204   3024 R  41,2   4,3   0:05.70 mem2.bash
   1955 grigorii  20   0 3773544 209136  82264 S   5,9   3,5   5:19.87 gnome-shell
   2292 grigorii  20   0 1010224  41212  21904 S   5,9   0,7   1:42.70 nautilus
   2712 grigorii  20   0  764088  83956  35580 S   5,9   1,4   2:20.91 sublime_text
  11997 grigorii  20   0  495000 488628   2952 R  43,8   8,1   0:10.76 mem.bash
  11998 grigorii  20   0  494340 487904   3024 R  43,8   8,1   0:10.76 mem2.bash
   2712 grigorii  20   0  764088  81648  35580 S   6,2   1,3   2:21.20 sublime_text
      1 root      20   0  167652   7488   4668 S   0,0   0,1   1:16.20 systemd
      2 root      20   0       0      0      0 S   0,0   0,0   0:00.00 kthreadd
  11998 grigorii  20   0  733612 727312   3024 R  43,8  12,0   0:16.14 mem2.bash
  11997 grigorii  20   0  735592 729104   2952 R  37,5  12,0   0:16.13 mem.bash
      1 root      20   0  167652   7488   4668 S   0,0   0,1   1:16.20 systemd
      2 root      20   0       0      0      0 S   0,0   0,0   0:00.00 kthreadd
      3 root       0 -20       0      0      0 I   0,0   0,0   0:00.00 rcu_gp
  11997 grigorii  20   0  973152 966648   2952 R  41,2  16,0   0:21.49 mem.bash
  11998 grigorii  20   0  971172 964868   3024 R  35,3  15,9   0:21.48 mem2.bash
      1 root      20   0  167652   7488   4668 S   0,0   0,1   1:16.20 systemd
      2 root      20   0       0      0      0 S   0,0   0,0   0:00.00 kthreadd
      3 root       0 -20       0      0      0 I   0,0   0,0   0:00.00 rcu_gp
  11997 grigorii  20   0 1214672   1,2g   2952 R  41,2  20,0   0:26.86 mem.bash
  11998 grigorii  20   0 1212296   1,1g   3024 R  41,2  19,9   0:26.85 mem2.bash
   2292 grigorii  20   0 1010488  41476  21904 S   5,9   0,7   1:42.94 nautilus
   2712 grigorii  20   0  764088  80460  35580 S   5,9   1,3   2:21.66 sublime_text
      1 root      20   0  167652   7488   4668 S   0,0   0,1   1:16.20 systemd
  11998 grigorii  20   0 1451436   1,4g   3024 R  41,2  23,9   0:32.22 mem2.bash
  11997 grigorii  20   0 1454208   1,4g   2952 R  35,3  23,9   0:32.22 mem.bash
   1955 grigorii  20   0 3773544 209172  82264 S   5,9   3,5   5:20.48 gnome-shell
   2292 grigorii  20   0 1010620  41476  21904 S   5,9   0,7   1:43.02 nautilus
   2712 grigorii  20   0  764088  80476  35580 S   5,9   1,3   2:21.82 sublime_text
  11997 grigorii  20   0 1694144   1,6g   2952 R  47,1  27,9   0:37.59 mem.bash
  11998 grigorii  20   0 1690448   1,6g   3024 R  47,1  27,8   0:37.59 mem2.bash
   2292 grigorii  20   0 1010752  41740  21904 S   5,9   0,7   1:43.10 nautilus
      1 root      20   0  167652   7488   4668 S   0,0   0,1   1:16.20 systemd
      2 root      20   0       0      0      0 S   0,0   0,0   0:00.00 kthreadd
  11998 grigorii  20   0 1929988   1,8g   3024 R  41,2  31,8   0:42.95 mem2.bash
  11997 grigorii  20   0 1934080   1,8g   2952 R  35,3  31,9   0:42.95 mem.bash
   2712 grigorii  20   0  764088  80484  35580 S   5,9   1,3   2:22.13 sublime_text
      1 root      20   0  167652   7488   4668 S   0,0   0,1   1:16.20 systemd
      2 root      20   0       0      0      0 S   0,0   0,0   0:00.00 kthreadd
  11997 grigorii  20   0 2172824   2,1g   2952 R  43,8  35,8   0:48.31 mem.bash
  11998 grigorii  20   0 2168864   2,1g   3024 R  43,8  35,7   0:48.30 mem2.bash
   2292 grigorii  20   0 1010884  41740  21904 S   6,2   0,7   1:43.24 nautilus
   2712 grigorii  20   0  764088  80468  35580 S   6,2   1,3   2:22.29 sublime_text
      1 root      20   0  167652   7488   4668 S   0,0   0,1   1:16.20 systemd
  11997 grigorii  20   0 2412100   2,3g   2952 R  41,2  39,8   0:53.68 mem.bash
  11998 grigorii  20   0 2408140   2,3g   3024 R  41,2  39,7   0:53.68 mem2.bash
   1955 grigorii  20   0 3773544 209208  82328 S   5,9   3,5   5:20.73 gnome-shell
      1 root      20   0  167652   7488   4668 S   0,0   0,1   1:16.20 systemd
      2 root      20   0       0      0      0 S   0,0   0,0   0:00.00 kthreadd
  11998 grigorii  20   0 2639892   2,5g   1188 R  29,4  43,5   0:58.91 mem2.bash
  11997 grigorii  20   0 2644380   2,5g   1088 R  23,5  43,6   0:58.89 mem.bash
   2712 grigorii  20   0  780480  50500  11176 S  17,6   0,8   2:22.60 sublime_text
     84 root      20   0       0      0      0 S   5,9   0,0  12:29.82 kswapd0
   1955 grigorii  20   0 3773544 135756  51616 R   5,9   2,2   5:20.78 gnome-shell
  11998 grigorii  20   0 2881012   2,6g   1188 R  41,2  44,8   1:04.37 mem2.bash
  11997 grigorii  20   0 2884972   2,6g   1088 R  35,3  44,9   1:04.34 mem.bash
     84 root      20   0       0      0      0 S   5,9   0,0  12:30.24 kswapd0
      1 root      20   0  167652   5260   2768 S   0,0   0,1   1:16.20 systemd
      2 root      20   0       0      0      0 S   0,0   0,0   0:00.00 kthreadd
  11997 grigorii  20   0 3086760   2,6g   1088 R  31,2  44,8   1:08.95 mem.bash
  11998 grigorii  20   0 3083460   2,6g   1188 R  31,2  44,7   1:08.99 mem2.bash
      1 root      20   0  167652   4856   2364 S   0,0   0,1   1:16.20 systemd
      2 root      20   0       0      0      0 S   0,0   0,0   0:00.00 kthreadd
      3 root       0 -20       0      0      0 I   0,0   0,0   0:00.00 rcu_gp
     84 root      20   0       0      0      0 R  22,6   0,0  13:34.09 kswapd0
   9610 root      20   0  726996  12376      0 S  19,4   0,2   0:30.76 snapd
     14 root      20   0       0      0      0 I   6,5   0,0   0:03.74 rcu_sched
      9 root       0 -20       0      0      0 I   3,2   0,0   0:06.87 kworker/0:1H-kblockd
    588 root      20   0   16736    488    200 R   3,2   0,0   0:01.03 systemd-logind
     25 root      20   0       0      0      0 R  29,0   0,0   0:00.88 kcompactd0
      9 root       0 -20       0      0      0 I   6,5   0,0   0:10.27 kworker/0:1H-kblockd
    570 message+  20   0    9888   3656   1924 S   6,5   0,1   1:14.20 dbus-daemon
   2712 grigorii  20   0  764088  24252   5560 R   6,5   0,4   2:54.77 sublime_text
  12895 root      20   0  723928  13556   8936 S   6,5   0,2   0:01.69 snapd
   1955 grigorii  20   0 3773544 138028  46336 R  31,2   2,3   5:51.45 gnome-shell
  11997 grigorii  20   0 3655452   2,9g   1492 R  25,0  50,0   1:48.46 mem.bash
   1689 grigorii  20   0   19368   4960   3548 R  18,8   0,1   0:00.66 systemd
   1704 grigorii  20   0    9040   2924   1596 S   6,2   0,0   0:00.92 dbus-daemon
   2020 grigorii  20   0  724676   4620   3728 S   6,2   0,1   0:02.20 evolution-calen
  11997 grigorii  20   0 3983548   3,2g   1492 R  87,5  55,4   1:56.37 mem.bash
     13 root      20   0       0      0      0 S   6,2   0,0   0:06.82 ksoftirqd/0
      1 root      20   0  167652   6876   4520 S   0,0   0,1   1:50.99 systemd
      2 root      20   0       0      0      0 S   0,0   0,0   0:00.00 kthreadd
      3 root       0 -20       0      0      0 I   0,0   0,0   0:00.00 rcu_gp
  11997 grigorii  20   0 4398344   3,6g   1492 R  82,4  62,3   2:06.05 mem.bash
   2292 grigorii  20   0 1011544  25856  11948 S   5,9   0,4   2:06.11 nautilus
   2712 grigorii  20   0  764088  53388  26812 S   5,9   0,9   2:55.57 sublime_text
      1 root      20   0  167652   7164   4736 S   0,0   0,1   1:51.00 systemd
      2 root      20   0       0      0      0 S   0,0   0,0   0:00.00 kthreadd
  11997 grigorii  20   0 4828592   4,0g   1492 R  68,8  69,4   2:16.07 mem.bash
   1955 grigorii  20   0 3782264 202544  62684 R  12,5   3,3   5:53.84 gnome-shell
      9 root       0 -20       0      0      0 I   6,2   0,0   0:10.61 kworker/0:1H-kblockd
   2292 grigorii  20   0 1011676  26408  12300 S   6,2   0,4   2:06.17 nautilus
   2712 grigorii  20   0  764088  59528  27944 D   6,2   1,0   2:55.86 sublime_text
  11997 grigorii  20   0 5226900   4,4g   1492 R  50,0  75,9   2:25.40 mem.bash
   1955 grigorii  20   0 3782264 202556  62668 S  25,0   3,3   5:54.48 gnome-shell
   2292 grigorii  20   0 1011676  26408  12300 S   6,2   0,4   2:06.24 nautilus
   2712 grigorii  20   0  772284  61088  27972 S   6,2   1,0   2:56.30 sublime_text
      1 root      20   0  167652   7164   4736 S   0,0   0,1   1:51.00 systemd
  11997 grigorii  20   0 5664000   4,8g   1492 R  82,4  82,7   2:35.51 mem.bash
   1955 grigorii  20   0 3782216 202432  62576 S   5,9   3,3   5:54.70 gnome-shell
   2292 grigorii  20   0 1011808  26372  12292 S   5,9   0,4   2:06.32 nautilus
   6896 grigorii  20   0 1282652  58856  39032 S   5,9   1,0   2:14.84 telegram-deskto
      1 root      20   0  167652   7164   4736 S   0,0   0,1   1:51.00 systemd
  11997 grigorii  20   0 6080656   4,9g   1492 R  72,2  85,2   2:45.22 mem.bash
     84 root      20   0       0      0      0 S  11,1   0,0  18:16.26 kswapd0
   2712 grigorii  20   0  764088  55336  25208 S   5,6   0,9   2:56.91 sublime_text
      1 root      20   0  167652   6684   4256 S   0,0   0,1   1:51.00 systemd
      2 root      20   0       0      0      0 S   0,0   0,0   0:00.00 kthreadd
  11997 grigorii  20   0 6484112   5,1g   1264 R  81,2  88,1   2:54.72 mem.bash
   2712 grigorii  20   0  764088  42768  12384 S   6,2   0,7   2:57.25 sublime_text
      1 root      20   0  167652   4024   1596 S   0,0   0,1   1:51.00 systemd
      2 root      20   0       0      0      0 S   0,0   0,0   0:00.00 kthreadd
      3 root       0 -20       0      0      0 I   0,0   0,0   0:00.00 rcu_gp
     84 root      20   0       0      0      0 R  22,9   0,0  18:58.32 kswapd0
  12895 root      20   0  726996  15672      0 S   1,5   0,3   0:17.69 snapd
    570 message+  20   0    9888   1816      0 S   0,9   0,0   1:14.96 dbus-daemon
    669 root      20   0  762528   5196      0 S   0,4   0,1   2:26.41 containerd
   6896 grigorii  20   0 1282652  13388   1752 D   0,4   0,2   2:18.08 telegram-deskto
     84 root      20   0       0      0      0 R  34,1   0,0  21:56.51 kswapd0
      1 root      20   0  167652   3996   1984 S   4,7   0,1   2:05.25 systemd
    669 root      20   0  762528   5284      0 S   4,4   0,1   2:48.66 containerd
   1880 grigorii  20   0  155384      0      0 S   1,5   0,0   2:08.66 VBoxClient
    570 message+  20   0    9888   1776      0 S   1,5   0,0   1:21.94 dbus-daemon
